<?xml version="1.0" encoding="UTF-8"?>
<!-- Generated by org.testng.reporters.JUnitReportReporter -->
<testsuite hostname="SarojPulajwar" failures="0" tests="1" name="com.TestLayer.LoginTest" time="51.578" errors="0" timestamp="2022-10-31T13:46:17 IST" skipped="0">
  <testcase classname="com.TestLayer.LoginTest" name="verifyLoginFunctionality" time="51.578"/>
  <system-out/>
</testsuite> <!-- com.TestLayer.LoginTest -->
